  Video Object Tracker.cpp
C:\Users\aspen\Desktop\XTracker\Video Object Tracker\image_pixel_manipulation.h(108,30): warning C4244: 'argument': conversion from 'size_t' to 'float', possible loss of data
C:\Users\aspen\Desktop\XTracker\Video Object Tracker\image_pixel_manipulation.h(473,47): warning C4018: '<': signed/unsigned mismatch
C:\Users\aspen\Desktop\XTracker\Video Object Tracker\image_pixel_manipulation.h(475,51): warning C4018: '<': signed/unsigned mismatch
C:\Users\aspen\Desktop\XTracker\Video Object Tracker\image_pixel_manipulation.h(477,35): warning C4244: 'initializing': conversion from 'float' to 'int32_t', possible loss of data
C:\Users\aspen\Desktop\XTracker\Video Object Tracker\image_pixel_manipulation.h(478,35): warning C4244: 'initializing': conversion from 'float' to 'int32_t', possible loss of data
C:\Users\aspen\Desktop\XTracker\Video Object Tracker\Video Object Tracker.cpp(84,49): warning C4305: 'argument': truncation from 'double' to 'float'
C:\Users\aspen\Desktop\XTracker\Video Object Tracker\Video Object Tracker.cpp(84,39): warning C4244: 'argument': conversion from 'T' to 'float', possible loss of data
          with
          [
              T=int
          ]
C:\Users\aspen\Desktop\XTracker\Video Object Tracker\Video Object Tracker.cpp(84,22): warning C4244: 'argument': conversion from 'T' to 'float', possible loss of data
          with
          [
              T=int
          ]
C:\Users\aspen\Desktop\XTracker\Video Object Tracker\Video Object Tracker.cpp(99,81): warning C4305: 'argument': truncation from 'double' to 'float'
C:\Users\aspen\Desktop\XTracker\Video Object Tracker\Video Object Tracker.cpp(99,71): warning C4244: 'argument': conversion from 'T' to 'float', possible loss of data
          with
          [
              T=unsigned int
          ]
C:\Users\aspen\Desktop\XTracker\Video Object Tracker\Video Object Tracker.cpp(99,38): warning C4244: 'argument': conversion from 'T' to 'float', possible loss of data
          with
          [
              T=unsigned int
          ]
C:\Users\aspen\Desktop\XTracker\Video Object Tracker\Video Object Tracker.cpp(120,65): warning C4305: 'argument': truncation from 'double' to 'float'
C:\Users\aspen\Desktop\XTracker\Video Object Tracker\Video Object Tracker.cpp(120,55): warning C4244: 'argument': conversion from 'T' to 'float', possible loss of data
          with
          [
              T=unsigned int
          ]
C:\Users\aspen\Desktop\XTracker\Video Object Tracker\Video Object Tracker.cpp(120,30): warning C4244: 'argument': conversion from 'T' to 'float', possible loss of data
          with
          [
              T=unsigned int
          ]
  Video Object Tracker.vcxproj -> C:\Users\aspen\Desktop\XTracker\Debug\Video Object Tracker.exe
